  AladdinAttackCollision.cpp
c:\users\dell\desktop\my code\code game\game_gi_day\game_gi_day4.9\game_gi_day\game_gi_day\aladdinattackcollision.cpp(21): warning C4244: 'argument': conversion from 'float' to 'DWORD', possible loss of data
  AladdinAttackingState.cpp
c:\users\dell\desktop\my code\code game\game_gi_day\game_gi_day4.9\game_gi_day\game_gi_day\aladdinattackingstate.cpp(29): warning C4244: 'argument': conversion from 'float' to 'DWORD', possible loss of data
  AladdinBeingAttackState.cpp
c:\users\dell\desktop\my code\code game\game_gi_day\game_gi_day4.9\game_gi_day\game_gi_day\aladdinbeingattackstate.cpp(26): warning C4244: 'argument': conversion from 'float' to 'DWORD', possible loss of data
  AladdinClimbingAttackingState.cpp
c:\users\dell\desktop\my code\code game\game_gi_day\game_gi_day4.9\game_gi_day\game_gi_day\aladdinclimbingattackingstate.cpp(22): warning C4244: 'argument': conversion from 'float' to 'DWORD', possible loss of data
  AladdinClimbingState.cpp
c:\users\dell\desktop\my code\code game\game_gi_day\game_gi_day4.9\game_gi_day\game_gi_day\aladdinclimbingstate.cpp(29): warning C4244: 'argument': conversion from 'float' to 'DWORD', possible loss of data
  AladdinClimbingThowingState.cpp
c:\users\dell\desktop\my code\code game\game_gi_day\game_gi_day4.9\game_gi_day\game_gi_day\aladdinclimbingthowingstate.cpp(22): warning C4244: 'argument': conversion from 'float' to 'DWORD', possible loss of data
  AladdinData.cpp
  AladdinDeadState.cpp
c:\users\dell\desktop\my code\code game\game_gi_day\game_gi_day4.9\game_gi_day\game_gi_day\aladdindeadstate.cpp(23): warning C4244: 'argument': conversion from 'float' to 'DWORD', possible loss of data
  AladdinFallingState.cpp
  AladdinJumping2State.cpp
c:\users\dell\desktop\my code\code game\game_gi_day\game_gi_day4.9\game_gi_day\game_gi_day\aladdinjumping2state.cpp(22): warning C4244: 'argument': conversion from 'float' to 'DWORD', possible loss of data
  AladdinJumpingAttackState.cpp
c:\users\dell\desktop\my code\code game\game_gi_day\game_gi_day4.9\game_gi_day\game_gi_day\aladdinjumpingattackstate.cpp(28): warning C4244: 'argument': conversion from 'float' to 'DWORD', possible loss of data
  AladdinJumpingClimbState.cpp
c:\users\dell\desktop\my code\code game\game_gi_day\game_gi_day4.9\game_gi_day\game_gi_day\aladdinjumpingclimbstate.cpp(23): warning C4244: 'argument': conversion from 'float' to 'DWORD', possible loss of data
c:\users\dell\desktop\my code\code game\game_gi_day\game_gi_day4.9\game_gi_day\game_gi_day\aladdinjumpingclimbstate.cpp(38): warning C4305: 'argument': truncation from 'double' to 'float'
c:\users\dell\desktop\my code\code game\game_gi_day\game_gi_day4.9\game_gi_day\game_gi_day\aladdinjumpingclimbstate.cpp(44): warning C4305: 'argument': truncation from 'double' to 'float'
  AladdinJumpingForward.cpp
c:\users\dell\desktop\my code\code game\game_gi_day\game_gi_day4.9\game_gi_day\game_gi_day\aladdinjumpingforward.cpp(23): warning C4244: 'argument': conversion from 'float' to 'DWORD', possible loss of data
c:\users\dell\desktop\my code\code game\game_gi_day\game_gi_day4.9\game_gi_day\game_gi_day\aladdinjumpingforward.cpp(40): warning C4244: 'argument': conversion from 'double' to 'float', possible loss of data
c:\users\dell\desktop\my code\code game\game_gi_day\game_gi_day4.9\game_gi_day\game_gi_day\aladdinjumpingforward.cpp(44): warning C4244: 'argument': conversion from 'double' to 'float', possible loss of data
  AladdinJumpingState.cpp
c:\users\dell\desktop\my code\code game\game_gi_day\game_gi_day4.9\game_gi_day\game_gi_day\aladdinjumpingstate.cpp(24): warning C4244: 'argument': conversion from 'float' to 'DWORD', possible loss of data
c:\users\dell\desktop\my code\code game\game_gi_day\game_gi_day4.9\game_gi_day\game_gi_day\aladdinjumpingstate.cpp(40): warning C4305: 'argument': truncation from 'double' to 'float'
c:\users\dell\desktop\my code\code game\game_gi_day\game_gi_day4.9\game_gi_day\game_gi_day\aladdinjumpingstate.cpp(46): warning C4305: 'argument': truncation from 'double' to 'float'
  AladdinJumpingThrowState.cpp
c:\users\dell\desktop\my code\code game\game_gi_day\game_gi_day4.9\game_gi_day\game_gi_day\aladdinjumpingthrowstate.cpp(24): warning C4244: 'argument': conversion from 'float' to 'DWORD', possible loss of data
  AladdinLookUpState.cpp
c:\users\dell\desktop\my code\code game\game_gi_day\game_gi_day4.9\game_gi_day\game_gi_day\aladdinlookupstate.cpp(30): warning C4244: 'argument': conversion from 'float' to 'DWORD', possible loss of data
  AladdinPushState.cpp
c:\users\dell\desktop\my code\code game\game_gi_day\game_gi_day4.9\game_gi_day\game_gi_day\aladdinpushstate.cpp(26): warning C4244: 'argument': conversion from 'float' to 'DWORD', possible loss of data
  AladdinRunning2State.cpp
c:\users\dell\desktop\my code\code game\game_gi_day\game_gi_day4.9\game_gi_day\game_gi_day\aladdinrunning2state.cpp(21): warning C4244: 'argument': conversion from 'float' to 'DWORD', possible loss of data
c:\users\dell\desktop\my code\code game\game_gi_day\game_gi_day4.9\game_gi_day\game_gi_day\aladdinrunning2state.cpp(27): warning C4244: '-=': conversion from 'double' to 'float', possible loss of data
  AladdinRunningAttackingState.cpp
c:\users\dell\desktop\my code\code game\game_gi_day\game_gi_day4.9\game_gi_day\game_gi_day\aladdinrunningattackingstate.cpp(28): warning C4244: 'argument': conversion from 'float' to 'DWORD', possible loss of data
  AladdinRunningState.cpp
c:\users\dell\desktop\my code\code game\game_gi_day\game_gi_day4.9\game_gi_day\game_gi_day\aladdinrunningstate.cpp(27): warning C4244: 'argument': conversion from 'float' to 'DWORD', possible loss of data
  Generating Code...
  Compiling...
  AladdinSitting.cpp
c:\users\dell\desktop\my code\code game\game_gi_day\game_gi_day4.9\game_gi_day\game_gi_day\aladdinsitting.cpp(30): warning C4244: 'argument': conversion from 'float' to 'DWORD', possible loss of data
  AladdinSittingAttackState.cpp
c:\users\dell\desktop\my code\code game\game_gi_day\game_gi_day4.9\game_gi_day\game_gi_day\aladdinsittingattackstate.cpp(27): warning C4244: 'argument': conversion from 'float' to 'DWORD', possible loss of data
  AladdinSittingThrowState.cpp
c:\users\dell\desktop\my code\code game\game_gi_day\game_gi_day4.9\game_gi_day\game_gi_day\aladdinsittingthrowstate.cpp(26): warning C4244: 'argument': conversion from 'float' to 'DWORD', possible loss of data
  AladdinStandingAttackState.cpp
c:\users\dell\desktop\my code\code game\game_gi_day\game_gi_day4.9\game_gi_day\game_gi_day\aladdinstandingattackstate.cpp(22): warning C4244: 'argument': conversion from 'float' to 'DWORD', possible loss of data
  AladdinStandingState.cpp
  AladdinState.cpp
  AladdinThrowState.cpp
c:\users\dell\desktop\my code\code game\game_gi_day\game_gi_day4.9\game_gi_day\game_gi_day\aladdinthrowstate.cpp(28): warning C4244: 'argument': conversion from 'float' to 'DWORD', possible loss of data
  AladdinWaitting_1.cpp
c:\users\dell\desktop\my code\code game\game_gi_day\game_gi_day4.9\game_gi_day\game_gi_day\aladdinwaitting_1.cpp(27): warning C4244: 'argument': conversion from 'float' to 'DWORD', possible loss of data
  Apple.cpp
  AppleFont.cpp
  Bat.cpp
c:\users\dell\desktop\my code\code game\game_gi_day\game_gi_day4.9\game_gi_day\game_gi_day\bat.cpp(74): warning C4244: '=': conversion from 'double' to 'float', possible loss of data
c:\users\dell\desktop\my code\code game\game_gi_day\game_gi_day4.9\game_gi_day\game_gi_day\bat.cpp(79): warning C4244: '=': conversion from 'double' to 'float', possible loss of data
c:\users\dell\desktop\my code\code game\game_gi_day\game_gi_day4.9\game_gi_day\game_gi_day\bat.cpp(84): warning C4244: '=': conversion from 'double' to 'float', possible loss of data
c:\users\dell\desktop\my code\code game\game_gi_day\game_gi_day4.9\game_gi_day\game_gi_day\bat.cpp(89): warning C4244: '=': conversion from 'double' to 'float', possible loss of data
  Board.cpp
  Bone.cpp
c:\users\dell\desktop\my code\code game\game_gi_day\game_gi_day4.9\game_gi_day\game_gi_day\bone.cpp(12): warning C4244: '=': conversion from 'double' to 'float', possible loss of data
c:\users\dell\desktop\my code\code game\game_gi_day\game_gi_day4.9\game_gi_day\game_gi_day\bone.cpp(13): warning C4244: '=': conversion from 'double' to 'float', possible loss of data
  Boss.cpp
c:\users\dell\desktop\my code\code game\game_gi_day\game_gi_day4.9\game_gi_day\game_gi_day\boss.cpp(177): warning C4305: 'argument': truncation from 'double' to 'float'
c:\users\dell\desktop\my code\code game\game_gi_day\game_gi_day4.9\game_gi_day\game_gi_day\boss.cpp(182): warning C4305: '=': truncation from 'double' to 'float'
  Brick.cpp
c:\users\dell\desktop\my code\code game\game_gi_day\game_gi_day4.9\game_gi_day\game_gi_day\brick.cpp(28): warning C4244: 'initializing': conversion from 'double' to 'float', possible loss of data
  Bullet.cpp
c:\users\dell\desktop\my code\code game\game_gi_day\game_gi_day4.9\game_gi_day\game_gi_day\bullet.cpp(39): warning C4305: '=': truncation from 'double' to 'float'
  Burn.cpp
c:\users\dell\desktop\my code\code game\game_gi_day\game_gi_day4.9\game_gi_day\game_gi_day\burn.cpp(39): warning C4305: '=': truncation from 'double' to 'float'
c:\users\dell\desktop\my code\code game\game_gi_day\game_gi_day4.9\game_gi_day\game_gi_day\burn.cpp(43): warning C4305: '=': truncation from 'double' to 'float'
c:\users\dell\desktop\my code\code game\game_gi_day\game_gi_day4.9\game_gi_day\game_gi_day\burn.cpp(49): warning C4305: '=': truncation from 'double' to 'float'
  Camera.cpp
  ColumnWall.cpp
  Debug.cpp
  Generating Code...
  Compiling...
  Define.cpp
  Effect.cpp
  Enemy.cpp
  Font.cpp
  Game.cpp
c:\users\dell\desktop\my code\code game\game_gi_day\game_gi_day4.9\game_gi_day\game_gi_day\game.cpp(88): error C2065: 'GWL_HINSTANCE': undeclared identifier
  GameObject.cpp
c:\users\dell\desktop\my code\code game\game_gi_day\game_gi_day4.9\game_gi_day\game_gi_day\gameobject.cpp(223): warning C4244: 'initializing': conversion from 'float' to 'int', possible loss of data
  GameTime.cpp
  Genie.cpp
  Ghost.cpp
  Grid.cpp
c:\users\dell\desktop\my code\code game\game_gi_day\game_gi_day4.9\game_gi_day\game_gi_day\grid.cpp(161): warning C4244: 'initializing': conversion from 'float' to 'int', possible loss of data
  Guard.cpp
  HealthCol.cpp
  Heart.cpp
  Item.cpp
  JewryRock.cpp
  Katana.cpp
  Life.cpp
  main.cpp
c:\users\dell\desktop\my code\code game\game_gi_day\game_gi_day4.9\game_gi_day\game_gi_day\main.cpp(94): warning C4244: 'argument': conversion from 'double' to 'int', possible loss of data
  Map.cpp
  Marble.cpp
  Generating Code...
  Compiling...
  ObjectHidden.cpp
  Player.cpp
c:\users\dell\desktop\my code\code game\game_gi_day\game_gi_day4.9\game_gi_day\game_gi_day\player.cpp(112): warning C4244: 'argument': conversion from 'float' to 'DWORD', possible loss of data
c:\users\dell\desktop\my code\code game\game_gi_day\game_gi_day4.9\game_gi_day\game_gi_day\player.cpp(118): warning C4244: 'argument': conversion from 'float' to 'DWORD', possible loss of data
c:\users\dell\desktop\my code\code game\game_gi_day\game_gi_day4.9\game_gi_day\game_gi_day\player.cpp(482): warning C4244: '=': conversion from 'double' to 'float', possible loss of data
c:\users\dell\desktop\my code\code game\game_gi_day\game_gi_day4.9\game_gi_day\game_gi_day\player.cpp(484): warning C4244: '=': conversion from 'double' to 'float', possible loss of data
c:\users\dell\desktop\my code\code game\game_gi_day\game_gi_day4.9\game_gi_day\game_gi_day\player.cpp(536): warning C4244: '=': conversion from 'double' to 'float', possible loss of data
c:\users\dell\desktop\my code\code game\game_gi_day\game_gi_day4.9\game_gi_day\game_gi_day\player.cpp(538): warning C4244: '=': conversion from 'double' to 'float', possible loss of data
c:\users\dell\desktop\my code\code game\game_gi_day\game_gi_day4.9\game_gi_day\game_gi_day\player.cpp(580): warning C4244: '=': conversion from 'double' to 'float', possible loss of data
c:\users\dell\desktop\my code\code game\game_gi_day\game_gi_day4.9\game_gi_day\game_gi_day\player.cpp(582): warning C4244: '=': conversion from 'double' to 'float', possible loss of data
c:\users\dell\desktop\my code\code game\game_gi_day\game_gi_day4.9\game_gi_day\game_gi_day\player.cpp(634): warning C4244: '=': conversion from 'double' to 'float', possible loss of data
c:\users\dell\desktop\my code\code game\game_gi_day\game_gi_day4.9\game_gi_day\game_gi_day\player.cpp(636): warning C4244: '=': conversion from 'double' to 'float', possible loss of data
c:\users\dell\desktop\my code\code game\game_gi_day\game_gi_day4.9\game_gi_day\game_gi_day\player.cpp(957): warning C4101: 'rX': unreferenced local variable
c:\users\dell\desktop\my code\code game\game_gi_day\game_gi_day4.9\game_gi_day\game_gi_day\player.cpp(957): warning C4101: 'rY': unreferenced local variable
  RedRock.cpp
  Rock.cpp
  SceneGame.cpp
c:\users\dell\desktop\my code\code game\game_gi_day\game_gi_day4.9\game_gi_day\game_gi_day\scenegame.cpp(95): warning C4244: 'argument': conversion from 'DWORD' to 'float', possible loss of data
  SceneManager.cpp
  Scenes.cpp
  Soldier.cpp
  Sprite.cpp
  Tao.cpp
  Texture.cpp
  TextureManager.cpp
  Thorn.cpp
  Weapon.cpp
  Generating Code...
